2016-11-29 20:17:14,382 -    DB -   DEBUG - Executing query 'INSERT INTO action_items(start_date,end_date,created_by,assigned_to,comments,product_feedback_id)VALUES(%s,%s,%s,%s,%s,%s)'
2016-11-29 20:17:14,382 -    DB -   DEBUG - Executing query 'INSERT INTO action_items(start_date,end_date,created_by,assigned_to,comments,product_feedback_id)VALUES(%s,%s,%s,%s,%s,%s)'
2016-11-29 20:17:14,382 -    DB -   DEBUG - Executing query 'INSERT INTO action_items(start_date,end_date,created_by,assigned_to,comments,product_feedback_id)VALUES(%s,%s,%s,%s,%s,%s)'
2016-11-29 20:17:14,382 -    DB -   DEBUG - Executing query 'INSERT INTO action_items(start_date,end_date,created_by,assigned_to,comments,product_feedback_id)VALUES(%s,%s,%s,%s,%s,%s)'
2016-11-29 20:20:46,381 -    DB -   DEBUG - Executing query 'UPDATE action_items set action_status=%s where action_item_id=%s'
2016-11-29 20:20:46,381 -    DB -   DEBUG - Executing query 'UPDATE action_items set action_status=%s where action_item_id=%s'
2016-11-29 20:20:46,381 -    DB -   DEBUG - Executing query 'UPDATE action_items set action_status=%s where action_item_id=%s'
2016-11-29 20:20:46,381 -    DB -   DEBUG - Executing query 'UPDATE action_items set action_status=%s where action_item_id=%s'
2016-11-29 20:20:46,381 -    DB -   DEBUG - Executing query 'UPDATE action_items set action_status=%s where action_item_id=%s'
2016-11-29 20:53:59,782 -    DB -   DEBUG - Executing query 'SELECT * from franchise  where franchise_id =%s'
2016-11-29 20:53:59,782 -    DB -   DEBUG - Executing query 'SELECT * from franchise  where franchise_id =%s'
2016-11-29 20:54:02,732 -    DB -   DEBUG - Executing query 'SELECT * from sold_by  where product_id =%s AND franchise_id =%s'
2016-11-29 20:54:02,732 -    DB -   DEBUG - Executing query 'SELECT * from sold_by  where product_id =%s AND franchise_id =%s'
2016-11-29 20:54:22,243 -    DB -   DEBUG - Executing query 'SELECT * from franchise  where franchise_id =%s'
2016-11-29 20:54:22,243 -    DB -   DEBUG - Executing query 'SELECT * from franchise  where franchise_id =%s'
2016-11-29 20:54:22,243 -    DB -   DEBUG - Executing query 'SELECT * from franchise  where franchise_id =%s'
2016-11-29 20:54:26,379 -    DB -   DEBUG - Executing query 'SELECT * from franchise  where franchise_id =%s'
2016-11-29 20:54:26,379 -    DB -   DEBUG - Executing query 'SELECT * from franchise  where franchise_id =%s'
2016-11-29 20:54:26,379 -    DB -   DEBUG - Executing query 'SELECT * from franchise  where franchise_id =%s'
2016-11-29 20:54:26,379 -    DB -   DEBUG - Executing query 'SELECT * from franchise  where franchise_id =%s'
2016-11-29 20:54:28,915 -    DB -   DEBUG - Executing query 'SELECT * from sold_by  where product_id =%s AND franchise_id =%s'
2016-11-29 20:54:28,915 -    DB -   DEBUG - Executing query 'SELECT * from sold_by  where product_id =%s AND franchise_id =%s'
2016-11-29 20:54:28,915 -    DB -   DEBUG - Executing query 'SELECT * from sold_by  where product_id =%s AND franchise_id =%s'
2016-11-29 20:54:28,915 -    DB -   DEBUG - Executing query 'SELECT * from sold_by  where product_id =%s AND franchise_id =%s'
2016-11-29 20:54:43,555 -    DB -   DEBUG - Executing query 'INSERT INTO product_feedback(ratings,customer_id,product_id,comments,franchise_id)VALUES (%s,%s,%s,%s,%s)'
2016-11-29 20:54:43,555 -    DB -   DEBUG - Executing query 'INSERT INTO product_feedback(ratings,customer_id,product_id,comments,franchise_id)VALUES (%s,%s,%s,%s,%s)'
2016-11-29 20:54:43,555 -    DB -   DEBUG - Executing query 'INSERT INTO product_feedback(ratings,customer_id,product_id,comments,franchise_id)VALUES (%s,%s,%s,%s,%s)'
2016-11-29 20:54:43,555 -    DB -   DEBUG - Executing query 'INSERT INTO product_feedback(ratings,customer_id,product_id,comments,franchise_id)VALUES (%s,%s,%s,%s,%s)'
2016-11-29 20:54:43,555 -    DB -   DEBUG - Executing query 'INSERT INTO product_feedback(ratings,customer_id,product_id,comments,franchise_id)VALUES (%s,%s,%s,%s,%s)'
2016-11-29 21:18:54,770 -    DB -   DEBUG - Executing query 'INSERT INTO action_items(start_date,end_date,created_by,assigned_to,comments,service_feedback_id)VALUES(%s,%s,%s,%s,%s,%s)'
2016-11-29 21:18:54,770 -    DB -   DEBUG - Executing query 'INSERT INTO action_items(start_date,end_date,created_by,assigned_to,comments,service_feedback_id)VALUES(%s,%s,%s,%s,%s,%s)'
2016-11-29 21:18:54,770 -    DB -   DEBUG - Executing query 'INSERT INTO action_items(start_date,end_date,created_by,assigned_to,comments,service_feedback_id)VALUES(%s,%s,%s,%s,%s,%s)'
2016-11-29 21:30:26,503 -    DB -   DEBUG - Executing query 'INSERT INTO action_items(start_date,end_date,created_by,assigned_to,comments,service_feedback_id)VALUES(%s,%s,%s,%s,%s,%s)'
2016-11-29 21:30:26,503 -    DB -   DEBUG - Executing query 'INSERT INTO action_items(start_date,end_date,created_by,assigned_to,comments,service_feedback_id)VALUES(%s,%s,%s,%s,%s,%s)'
2016-11-29 21:30:26,503 -    DB -   DEBUG - Executing query 'INSERT INTO action_items(start_date,end_date,created_by,assigned_to,comments,service_feedback_id)VALUES(%s,%s,%s,%s,%s,%s)'
